<?xml version="1.0" encoding="UTF-8"?>
<testng-results skipped="0" failed="0" ignored="0" total="2" passed="2">
  <reporter-output>
  </reporter-output>
  <suite name="Default suite" duration-ms="24149" started-at="2019-04-01T11:11:20Z" finished-at="2019-04-01T11:11:44Z">
    <groups>
    </groups>
    <test name="Default test" duration-ms="24149" started-at="2019-04-01T11:11:20Z" finished-at="2019-04-01T11:11:44Z">
      <class name="com.qa.Testcases.HomePageTest">
        <test-method status="PASS" signature="setUp()[pri:0, instance:com.qa.Testcases.HomePageTest@33723e30]" name="setUp" is-config="true" duration-ms="15197" started-at="2019-04-01T11:11:20Z" finished-at="2019-04-01T11:11:35Z">
          <reporter-output>
          </reporter-output>
        </test-method> <!-- setUp -->
        <test-method status="PASS" signature="verifyHomePageTitleTest()[pri:1, instance:com.qa.Testcases.HomePageTest@33723e30]" name="verifyHomePageTitleTest" duration-ms="71" started-at="2019-04-01T11:11:35Z" finished-at="2019-04-01T11:11:35Z">
          <reporter-output>
          </reporter-output>
        </test-method> <!-- verifyHomePageTitleTest -->
        <test-method status="PASS" signature="LoginTest()[pri:2, instance:com.qa.Testcases.HomePageTest@33723e30]" name="LoginTest" duration-ms="6979" started-at="2019-04-01T11:11:35Z" finished-at="2019-04-01T11:11:42Z">
          <reporter-output>
          </reporter-output>
        </test-method> <!-- LoginTest -->
        <test-method status="PASS" signature="tearDown()[pri:0, instance:com.qa.Testcases.HomePageTest@33723e30]" name="tearDown" is-config="true" duration-ms="1822" started-at="2019-04-01T11:11:42Z" finished-at="2019-04-01T11:11:44Z">
          <reporter-output>
          </reporter-output>
        </test-method> <!-- tearDown -->
      </class> <!-- com.qa.Testcases.HomePageTest -->
    </test> <!-- Default test -->
  </suite> <!-- Default suite -->
</testng-results>
